# JRE version: OpenJDK Runtime Environment Temurin-17.0.1+12 (17.0.1+12) (build 17.0.1+12)
# Java VM: OpenJDK 64-Bit Server VM Temurin-17.0.1+12 (17.0.1+12, mixed mode, sharing, tiered, compressed oops, compressed class ptrs, g1 gc, windows-amd64)
GC Precious Log:
 CPUs: 8 total, 8 available
 Memory: 8101M
 Large Page Support: Disabled
 NUMA Support: Disabled
 Compressed Oops: Enabled (32-bit)
 Heap Region Size: 1M
 Heap Min Capacity: 256M
 Heap Initial Capacity: 256M
 Heap Max Capacity: 512M
 Pre-touch: Disabled
 Parallel Workers: 8
 Concurrent Workers: 2
 Concurrent Refinement Workers: 8
 Periodic GC: Disabled
Heap:
 garbage-first heap   total 262144K, used 97112K [0x00000000e0000000, 0x0000000100000000)
  region size 1024K, 38 young (38912K), 12 survivors (12288K)
 Metaspace       used 54527K, committed 55168K, reserved 262144K
  class space    used 7530K, committed 7808K, reserved 212992K
GC Heap History (14 events):
Event: 3.419 GC heap before
{Heap before GC invocations=0 (full 0):
 garbage-first heap   total 262144K, used 26624K [0x00000000e0000000, 0x0000000100000000)
  region size 1024K, 23 young (23552K), 0 survivors (0K)
 Metaspace       used 2978K, committed 3136K, reserved 221184K
  class space    used 381K, committed 448K, reserved 212992K
}
Event: 3.444 GC heap after
{Heap after GC invocations=1 (full 0):
 garbage-first heap   total 262144K, used 9841K [0x00000000e0000000, 0x0000000100000000)
  region size 1024K, 3 young (3072K), 3 survivors (3072K)
 Metaspace       used 2978K, committed 3136K, reserved 221184K
  class space    used 381K, committed 448K, reserved 212992K
}
Event: 4.458 GC heap before
{Heap before GC invocations=1 (full 0):
 garbage-first heap   total 262144K, used 37489K [0x00000000e0000000, 0x0000000100000000)
  region size 1024K, 30 young (30720K), 3 survivors (3072K)
 Metaspace       used 3881K, committed 4032K, reserved 221184K
  class space    used 476K, committed 576K, reserved 212992K
}
Event: 4.473 GC heap after
{Heap after GC invocations=2 (full 0):
 garbage-first heap   total 262144K, used 11697K [0x00000000e0000000, 0x0000000100000000)
  region size 1024K, 2 young (2048K), 2 survivors (2048K)
 Metaspace       used 3881K, committed 4032K, reserved 221184K
  class space    used 476K, committed 576K, reserved 212992K
}
Event: 13.577 GC heap before
{Heap before GC invocations=2 (full 0):
 garbage-first heap   total 262144K, used 135601K [0x00000000e0000000, 0x0000000100000000)
  region size 1024K, 111 young (113664K), 2 survivors (2048K)
 Metaspace       used 21135K, committed 21504K, reserved 237568K
  class space    used 3164K, committed 3328K, reserved 212992K
}
Event: 13.636 GC heap after
{Heap after GC invocations=3 (full 0):
 garbage-first heap   total 262144K, used 38807K [0x00000000e0000000, 0x0000000100000000)
  region size 1024K, 15 young (15360K), 15 survivors (15360K)
 Metaspace       used 21135K, committed 21504K, reserved 237568K
  class space    used 3164K, committed 3328K, reserved 212992K
}
Event: 21.627 GC heap before
{Heap before GC invocations=4 (full 0):
 garbage-first heap   total 262144K, used 158615K [0x00000000e0000000, 0x0000000100000000)
  region size 1024K, 123 young (125952K), 15 survivors (15360K)
 Metaspace       used 35563K, committed 35968K, reserved 245760K
  class space    used 4993K, committed 5184K, reserved 212992K
}
Event: 21.739 GC heap after
{Heap after GC invocations=5 (full 0):
 garbage-first heap   total 262144K, used 56966K [0x00000000e0000000, 0x0000000100000000)
  region size 1024K, 12 young (12288K), 12 survivors (12288K)
 Metaspace       used 35563K, committed 35968K, reserved 245760K
  class space    used 4993K, committed 5184K, reserved 212992K
}
Event: 21.836 GC heap before
{Heap before GC invocations=5 (full 0):
 garbage-first heap   total 262144K, used 57990K [0x00000000e0000000, 0x0000000100000000)
  region size 1024K, 13 young (13312K), 12 survivors (12288K)
 Metaspace       used 35597K, committed 36032K, reserved 245760K
  class space    used 4999K, committed 5184K, reserved 212992K
}
Event: 21.893 GC heap after
{Heap after GC invocations=6 (full 0):
 garbage-first heap   total 262144K, used 56931K [0x00000000e0000000, 0x0000000100000000)
  region size 1024K, 2 young (2048K), 2 survivors (2048K)
 Metaspace       used 35597K, committed 36032K, reserved 245760K
  class space    used 4999K, committed 5184K, reserved 212992K
}
Event: 22.438 GC heap before
{Heap before GC invocations=6 (full 0):
 garbage-first heap   total 262144K, used 60003K [0x00000000e0000000, 0x0000000100000000)
  region size 1024K, 6 young (6144K), 2 survivors (2048K)
 Metaspace       used 35840K, committed 36288K, reserved 245760K
  class space    used 5027K, committed 5248K, reserved 212992K
}
Event: 22.443 GC heap after
{Heap after GC invocations=7 (full 0):
 garbage-first heap   total 262144K, used 56378K [0x00000000e0000000, 0x0000000100000000)
  region size 1024K, 1 young (1024K), 1 survivors (1024K)
 Metaspace       used 35840K, committed 36288K, reserved 245760K
  class space    used 5027K, committed 5248K, reserved 212992K
}
Event: 38.885 GC heap before
{Heap before GC invocations=8 (full 0):
 garbage-first heap   total 262144K, used 189498K [0x00000000e0000000, 0x0000000100000000)
  region size 1024K, 127 young (130048K), 1 survivors (1024K)
 Metaspace       used 51114K, committed 51776K, reserved 262144K
  class space    used 6994K, committed 7360K, reserved 212992K
}
Event: 38.936 GC heap after
{Heap after GC invocations=9 (full 0):
 garbage-first heap   total 262144K, used 71512K [0x00000000e0000000, 0x0000000100000000)
  region size 1024K, 12 young (12288K), 12 survivors (12288K)
 Metaspace       used 51114K, committed 51776K, reserved 262144K
  class space    used 6994K, committed 7360K, reserved 212992K
}

